<?xml version="1.0" encoding="UTF-8"?>
<!-- Generated by org.testng.reporters.JUnitReportReporter -->
<testsuite skipped="0" hostname="LAPTOP-H15N5TDF" name="com.crm.PRACTICE.SampleJDBCExecutQuerry" tests="1" failures="0" timestamp="16 Feb 2022 07:10:48 GMT" time="0.441" errors="0">
  <testcase name="sampleJDBCExecutQuerry" time="0.441" classname="com.crm.PRACTICE.SampleJDBCExecutQuerry"/>
</testsuite> <!-- com.crm.PRACTICE.SampleJDBCExecutQuerry -->
