<?xml version="1.0" encoding="UTF-8"?>
<!-- Generated by org.testng.reporters.JUnitReportReporter -->
<testsuite skipped="0" hostname="LAPTOP-H15N5TDF" name="com.crm.Contact.CreateMailMergeWithContactTest" tests="1" failures="0" timestamp="20 Feb 2022 14:18:41 GMT" time="19.128" errors="0">
  <testcase name="CreateMailMergeWithContactTest" time="19.128" classname="com.crm.Contact.CreateMailMergeWithContactTest"/>
</testsuite> <!-- com.crm.Contact.CreateMailMergeWithContactTest -->
