<?xml version="1.0" encoding="UTF-8"?>
<!-- Generated by org.testng.reporters.JUnitReportReporter -->
<testsuite skipped="0" hostname="LAPTOP-H15N5TDF" name="com.crm.PRACTICE.CalendarForAllTheDate" tests="1" failures="0" timestamp="09 Mar 2022 09:40:46 GMT" time="21.538" errors="0">
  <testcase name="claendar" time="21.538" classname="com.crm.PRACTICE.CalendarForAllTheDate"/>
</testsuite> <!-- com.crm.PRACTICE.CalendarForAllTheDate -->
