<?xml version="1.0" encoding="UTF-8"?>
<!-- Generated by org.testng.reporters.JUnitReportReporter -->
<testsuite skipped="0" hostname="LAPTOP-H15N5TDF" name="com.crm.PRACTICE.PomPractice" tests="1" failures="0" timestamp="23 Feb 2022 10:55:51 GMT" time="32.623" errors="0">
  <testcase name="pomPractice" time="32.623" classname="com.crm.PRACTICE.PomPractice"/>
</testsuite> <!-- com.crm.PRACTICE.PomPractice -->
