<?xml version="1.0" encoding="UTF-8"?>
<!-- Generated by org.testng.reporters.JUnitReportReporter -->
<testsuite skipped="0" hostname="LAPTOP-H15N5TDF" name="com.crm.Campaign.createCampaignWithProduct" tests="1" failures="0" timestamp="24 Feb 2022 10:54:36 GMT" time="53.843" errors="0">
  <testcase name="createCampaignWithProduct" time="53.843" classname="com.crm.Campaign.createCampaignWithProduct"/>
</testsuite> <!-- com.crm.Campaign.createCampaignWithProduct -->
