<?xml version="1.0" encoding="UTF-8"?>
<!-- Generated by org.testng.reporters.JUnitReportReporter -->
<testsuite skipped="0" hostname="LAPTOP-H15N5TDF" name="com.crm.PRACTICE.ReadDataFromSuiteXMLfileTest" tests="1" failures="0" timestamp="17 Feb 2022 09:51:16 GMT" time="0.011" errors="0">
  <testcase name="ReadDataFromXML" time="0.011" classname="com.crm.PRACTICE.ReadDataFromSuiteXMLfileTest"/>
</testsuite> <!-- com.crm.PRACTICE.ReadDataFromSuiteXMLfileTest -->
