<?xml version="1.0" encoding="UTF-8"?>
<!-- Generated by org.testng.reporters.JUnitReportReporter -->
<testsuite skipped="0" hostname="LAPTOP-H15N5TDF" name="com.crm.PRACTICE.WebTableCheckAllBoxes" tests="1" failures="0" timestamp="08 Mar 2022 14:23:55 GMT" time="57.103" errors="0">
  <testcase name="webTableCheckAllBoxes" time="57.103" classname="com.crm.PRACTICE.WebTableCheckAllBoxes"/>
</testsuite> <!-- com.crm.PRACTICE.WebTableCheckAllBoxes -->
