<?xml version="1.0" encoding="UTF-8"?>
<!-- Generated by org.testng.reporters.JUnitReportReporter -->
<testsuite skipped="0" hostname="LAPTOP-H15N5TDF" name="com.crm.Contact.CheckBoxParticularAndDeleteTest" tests="1" failures="0" timestamp="08 Mar 2022 14:53:15 GMT" time="22.582" errors="0">
  <testcase name="checkBoxParticularTest" time="22.582" classname="com.crm.Contact.CheckBoxParticularAndDeleteTest"/>
</testsuite> <!-- com.crm.Contact.CheckBoxParticularAndDeleteTest -->
