<?xml version="1.0" encoding="UTF-8"?>
<!-- Generated by org.testng.reporters.JUnitReportReporter -->
<testsuite skipped="0" hostname="LAPTOP-H15N5TDF" name="com.crm.Contact.ToPrintLastNameInConsoleTest" tests="1" failures="0" timestamp="08 Mar 2022 14:34:55 GMT" time="15.556" errors="0">
  <testcase name="toPrintLastNameInConsole" time="15.556" classname="com.crm.Contact.ToPrintLastNameInConsoleTest"/>
</testsuite> <!-- com.crm.Contact.ToPrintLastNameInConsoleTest -->
