<?xml version="1.0" encoding="UTF-8"?>
<!-- Generated by org.testng.reporters.JUnitReportReporter -->
<testsuite skipped="0" hostname="LAPTOP-H15N5TDF" name="com.crm.Campaign.CreateCampaignTest" tests="1" failures="0" timestamp="24 Feb 2022 10:37:02 GMT" time="47.764" errors="0">
  <testcase name="CreateCampaignTest" time="47.764" classname="com.crm.Campaign.CreateCampaignTest"/>
</testsuite> <!-- com.crm.Campaign.CreateCampaignTest -->
