<?xml version="1.0" encoding="UTF-8"?>
<!-- Generated by org.testng.reporters.JUnitReportReporter -->
<testsuite skipped="0" hostname="LAPTOP-H15N5TDF" name="com.crm.PRACTICE.Dataverification" tests="1" failures="0" timestamp="16 Feb 2022 08:13:38 GMT" time="0.416" errors="0">
  <testcase name="dataverification" time="0.416" classname="com.crm.PRACTICE.Dataverification"/>
</testsuite> <!-- com.crm.PRACTICE.Dataverification -->
