<?xml version="1.0" encoding="UTF-8"?>
<!-- Generated by org.testng.reporters.JUnitReportReporter -->
<testsuite skipped="0" hostname="LAPTOP-H15N5TDF" name="com.crm.PRACTICE.PracticeForGenericUtils" tests="1" failures="0" timestamp="21 Feb 2022 08:12:22 GMT" time="0.100" errors="0">
  <testcase name="Practice" time="0.100" classname="com.crm.PRACTICE.PracticeForGenericUtils"/>
</testsuite> <!-- com.crm.PRACTICE.PracticeForGenericUtils -->
