<?xml version="1.0" encoding="UTF-8"?>
<!-- Generated by org.testng.reporters.JUnitReportReporter -->
<testsuite skipped="0" hostname="LAPTOP-H15N5TDF" name="com.crm.PRACTICE.ReadDataFromCmdLineTest" tests="1" failures="0" timestamp="17 Feb 2022 07:25:17 GMT" time="0.013" errors="0">
  <testcase name="ReadDataFromCmdLineTest" time="0.013" classname="com.crm.PRACTICE.ReadDataFromCmdLineTest"/>
</testsuite> <!-- com.crm.PRACTICE.ReadDataFromCmdLineTest -->
