<?xml version="1.0" encoding="UTF-8"?>
<!-- Generated by org.testng.reporters.JUnitReportReporter -->
<testsuite skipped="0" hostname="LAPTOP-H15N5TDF" name="com.crm.Contact.CreateExistingContactAddtodoActivityTest" tests="1" failures="0" timestamp="20 Feb 2022 15:36:07 GMT" time="68.972" errors="0">
  <testcase name="CreateExistingContactAddtodoActivityTest" time="68.972" classname="com.crm.Contact.CreateExistingContactAddtodoActivityTest"/>
</testsuite> <!-- com.crm.Contact.CreateExistingContactAddtodoActivityTest -->
