<?xml version="1.0" encoding="UTF-8"?>
<!-- Generated by org.testng.reporters.JUnitReportReporter -->
<testsuite skipped="0" hostname="LAPTOP-H15N5TDF" name="com.crm.Contact.CreateContactWithPropertyFileTest" tests="1" failures="0" timestamp="17 Feb 2022 15:43:30 GMT" time="36.717" errors="0">
  <testcase name="createConTest" time="36.717" classname="com.crm.Contact.CreateContactWithPropertyFileTest"/>
</testsuite> <!-- com.crm.Contact.CreateContactWithPropertyFileTest -->
