<?xml version="1.0" encoding="UTF-8"?>
<!-- Generated by org.testng.reporters.JUnitReportReporter -->
<testsuite skipped="0" hostname="LAPTOP-H15N5TDF" name="com.crm.Opportunity.CreateOpportunityWithConAndCampainTest" tests="1" failures="0" timestamp="23 Feb 2022 04:51:02 GMT" time="62.325" errors="0">
  <testcase name="createOpportunity" time="62.325" classname="com.crm.Opportunity.CreateOpportunityWithConAndCampainTest"/>
</testsuite> <!-- com.crm.Opportunity.CreateOpportunityWithConAndCampainTest -->
