<?xml version="1.0" encoding="UTF-8"?>
<!-- Generated by org.testng.reporters.JUnitReportReporter -->
<testsuite skipped="0" hostname="LAPTOP-H15N5TDF" name="com.crm.Organisations.CreateMailMergeTemplateWithOraganisationTest" tests="1" failures="0" timestamp="20 Feb 2022 14:16:51 GMT" time="18.860" errors="0">
  <testcase name="CreateMailMergeWithContactTest" time="18.860" classname="com.crm.Organisations.CreateMailMergeTemplateWithOraganisationTest"/>
</testsuite> <!-- com.crm.Organisations.CreateMailMergeTemplateWithOraganisationTest -->
