<?xml version="1.0" encoding="UTF-8"?>
<!-- Generated by org.testng.reporters.JUnitReportReporter -->
<testsuite skipped="0" hostname="LAPTOP-H15N5TDF" name="com.crm.PRACTICE.CalendarWRTGoibiboTest" tests="1" failures="0" timestamp="09 Mar 2022 10:07:59 GMT" time="23.255" errors="0">
  <testcase name="calendar" time="23.255" classname="com.crm.PRACTICE.CalendarWRTGoibiboTest"/>
</testsuite> <!-- com.crm.PRACTICE.CalendarWRTGoibiboTest -->
