<?xml version="1.0" encoding="UTF-8"?>
<!-- Generated by org.testng.reporters.JUnitReportReporter -->
<testsuite skipped="0" hostname="LAPTOP-H15N5TDF" name="com.crm.PRACTICE.DataProvider2$DataProvider" tests="6" failures="0" timestamp="28 Feb 2022 10:15:07 GMT" time="0.032" errors="0">
  <testcase name="sampleDataProvider" time="0.004" classname="com.crm.PRACTICE.DataProvider2$DataProvider"/>
  <testcase name="sampleDataProvider" time="0.016" classname="com.crm.PRACTICE.DataProvider2$DataProvider"/>
  <testcase name="sampleDataProvider" time="0.002" classname="com.crm.PRACTICE.DataProvider2$DataProvider"/>
  <testcase name="sampleDataProvider" time="0.005" classname="com.crm.PRACTICE.DataProvider2$DataProvider"/>
  <testcase name="sampleDataProvider" time="0.002" classname="com.crm.PRACTICE.DataProvider2$DataProvider"/>
  <testcase name="sampleDataProvider" time="0.003" classname="com.crm.PRACTICE.DataProvider2$DataProvider"/>
</testsuite> <!-- com.crm.PRACTICE.DataProvider2$DataProvider -->
