<?xml version="1.0" encoding="UTF-8"?>
<!-- Generated by org.testng.reporters.JUnitReportReporter -->
<testsuite skipped="0" hostname="LAPTOP-H15N5TDF" name="com.crm.PRACTICE.DataProvider" tests="4" failures="0" timestamp="28 Feb 2022 10:12:15 GMT" time="0.023" errors="0">
  <testcase name="sampleDataProvider" time="0.003" classname="com.crm.PRACTICE.DataProvider"/>
  <testcase name="sampleDataProvider" time="0.003" classname="com.crm.PRACTICE.DataProvider"/>
  <testcase name="sampleDataProvider" time="0.003" classname="com.crm.PRACTICE.DataProvider"/>
  <testcase name="sampleDataProvider" time="0.014" classname="com.crm.PRACTICE.DataProvider"/>
</testsuite> <!-- com.crm.PRACTICE.DataProvider -->
