<?xml version="1.0" encoding="UTF-8"?>
<!-- Generated by org.testng.reporters.JUnitReportReporter -->
<testsuite skipped="0" hostname="LAPTOP-H15N5TDF" name="com.crm.Campaign.CreateCampaignWithPropertyFileTest" tests="1" failures="0" timestamp="18 Feb 2022 10:19:54 GMT" time="40.310" errors="0">
  <testcase name="CreateCampaignWithPropertyFileTest" time="40.310" classname="com.crm.Campaign.CreateCampaignWithPropertyFileTest"/>
</testsuite> <!-- com.crm.Campaign.CreateCampaignWithPropertyFileTest -->
