<?xml version="1.0" encoding="UTF-8"?>
<!-- Generated by org.testng.reporters.JUnitReportReporter -->
<testsuite skipped="0" hostname="LAPTOP-H15N5TDF" name="com.crm.PRACTICE.CalendarForAllMonthTest" tests="1" failures="0" timestamp="09 Mar 2022 09:48:04 GMT" time="54.408" errors="0">
  <testcase name="claendar" time="54.408" classname="com.crm.PRACTICE.CalendarForAllMonthTest"/>
</testsuite> <!-- com.crm.PRACTICE.CalendarForAllMonthTest -->
